e:\workplace_c++\lua\lua\release\vc120.pdb
e:\workplace_c++\lua\lua\release\lobject.obj
e:\workplace_c++\lua\lua\release\loadlib.obj
e:\workplace_c++\lua\lua\release\lmem.obj
e:\workplace_c++\lua\lua\release\lmathlib.obj
e:\workplace_c++\lua\lua\release\llex.obj
e:\workplace_c++\lua\lua\release\liolib.obj
e:\workplace_c++\lua\lua\release\linit.obj
e:\workplace_c++\lua\lua\release\lgc.obj
e:\workplace_c++\lua\lua\release\lfunc.obj
e:\workplace_c++\lua\lua\release\ldump.obj
e:\workplace_c++\lua\lua\release\ldo.obj
e:\workplace_c++\lua\lua\release\ldebug.obj
e:\workplace_c++\lua\lua\release\ldblib.obj
e:\workplace_c++\lua\lua\release\lctype.obj
e:\workplace_c++\lua\lua\release\lcorolib.obj
e:\workplace_c++\lua\lua\release\lcode.obj
e:\workplace_c++\lua\lua\release\lbitlib.obj
e:\workplace_c++\lua\lua\release\lbaselib.obj
e:\workplace_c++\lua\lua\release\lauxlib.obj
e:\workplace_c++\lua\lua\release\lapi.obj
e:\workplace_c++\lua\lua\release\lzio.obj
e:\workplace_c++\lua\lua\release\lvm.obj
e:\workplace_c++\lua\lua\release\lutf8lib.obj
e:\workplace_c++\lua\lua\release\lundump.obj
e:\workplace_c++\lua\lua\release\ltm.obj
e:\workplace_c++\lua\lua\release\ltablib.obj
e:\workplace_c++\lua\lua\release\ltable.obj
e:\workplace_c++\lua\lua\release\lstrlib.obj
e:\workplace_c++\lua\lua\release\lstring.obj
e:\workplace_c++\lua\lua\release\lstate.obj
e:\workplace_c++\lua\lua\release\lparser.obj
e:\workplace_c++\lua\lua\release\loslib.obj
e:\workplace_c++\lua\lua\release\lopcodes.obj
e:\workplace_c++\lua\release\lua.lib
e:\workplace_c++\lua\lua\release\lua.tlog\cl.command.1.tlog
e:\workplace_c++\lua\lua\release\lua.tlog\cl.read.1.tlog
e:\workplace_c++\lua\lua\release\lua.tlog\cl.write.1.tlog
e:\workplace_c++\lua\lua\release\lua.tlog\lib.command.1.tlog
e:\workplace_c++\lua\lua\release\lua.tlog\lib.read.1.tlog
e:\workplace_c++\lua\lua\release\lua.tlog\lib.write.1.tlog
